[debug] [2021-09-25T10:16:49.477Z] ----------------------------------------------------------------------
[debug] [2021-09-25T10:16:49.508Z] Command:       C:\Program Files\nodejs\node.exe C:\Users\Ayush\AppData\Roaming\npm\node_modules\firebase-tools\lib\bin\firebase.js emulators:start
[debug] [2021-09-25T10:16:49.509Z] CLI Version:   9.18.0
[debug] [2021-09-25T10:16:49.509Z] Platform:      win32
[debug] [2021-09-25T10:16:49.510Z] Node Version:  v12.16.1
[debug] [2021-09-25T10:16:50.034Z] Time:          Sat Sep 25 2021 15:46:49 GMT+0530 (India Standard Time)
[debug] [2021-09-25T10:16:50.035Z] ----------------------------------------------------------------------
[debug] 
[debug] [2021-09-25T10:16:50.066Z] >>> [apiv2][query] GET https://firebase-public.firebaseio.com/cli.json [none]
[debug] [2021-09-25T10:16:50.356Z] > command requires scopes: ["email","openid","https://www.googleapis.com/auth/cloudplatformprojects.readonly","https://www.googleapis.com/auth/firebase","https://www.googleapis.com/auth/cloud-platform"]
[debug] [2021-09-25T10:16:50.357Z] > authorizing via signed-in user (ayu1998.singh@gmail.com)
[info] i  emulators: Starting emulators: functions, hosting {"metadata":{"emulator":{"name":"hub"},"message":"Starting emulators: functions, hosting"}}
[debug] [2021-09-25T10:16:51.364Z] <<< [apiv2][status] GET https://firebase-public.firebaseio.com/cli.json 200
[debug] [2021-09-25T10:16:51.365Z] <<< [apiv2][body] GET https://firebase-public.firebaseio.com/cli.json {"cloudBuildErrorAfter":1594252800000,"cloudBuildWarnAfter":1590019200000,"defaultNode10After":1594252800000,"minVersion":"3.0.5","node8DeploysDisabledAfter":1613390400000,"node8RuntimeDisabledAfter":1615809600000,"node8WarnAfter":1600128000000}
[debug] [2021-09-25T10:16:52.449Z] [hub] writing locator at C:\Users\Ayush\AppData\Local\Temp\hub-clone-d2fbf.json
[warn] !  functions: The following emulators are not running, calls to these services from the Functions emulator will affect production: auth, firestore, database, pubsub, storage {"metadata":{"emulator":{"name":"functions"},"message":"The following emulators are not running, calls to these services from the Functions emulator will affect production: \u001b[1mauth, firestore, database, pubsub, storage\u001b[22m"}}
[warn] !  Your requested "node" version "14" doesn't match your global version "12" {"metadata":{"emulator":{"name":"functions"},"message":"Your requested \"node\" version \"14\" doesn't match your global version \"12\""}}
[debug] [2021-09-25T10:16:54.773Z] defaultcredentials: writing to file C:\Users\Ayush\AppData\Roaming\firebase\ayu1998_singh_gmail.com_application_default_credentials.json
[debug] [2021-09-25T10:16:54.814Z] Setting GAC to C:\Users\Ayush\AppData\Roaming\firebase\ayu1998_singh_gmail.com_application_default_credentials.json {"metadata":{"emulator":{"name":"functions"},"message":"Setting GAC to C:\\Users\\Ayush\\AppData\\Roaming\\firebase\\ayu1998_singh_gmail.com_application_default_credentials.json"}}
[debug] [2021-09-25T10:16:54.818Z] > refreshing access token with scopes: []
[debug] [2021-09-25T10:16:54.821Z] >>> HTTP REQUEST POST https://www.googleapis.com/oauth2/v3/token  
 <request body omitted>
[debug] [2021-09-25T10:16:55.062Z] <<< HTTP RESPONSE 200 {"date":"Sat, 25 Sep 2021 10:16:54 GMT","expires":"Mon, 01 Jan 1990 00:00:00 GMT","pragma":"no-cache","cache-control":"no-cache, no-store, max-age=0, must-revalidate","content-type":"application/json; charset=utf-8","vary":"X-Origin, Referer, Origin,Accept-Encoding","server":"scaffolding on HTTPServer2","x-xss-protection":"0","x-frame-options":"SAMEORIGIN","x-content-type-options":"nosniff","alt-svc":"h3=\":443\"; ma=2592000,h3-29=\":443\"; ma=2592000,h3-T051=\":443\"; ma=2592000,h3-Q050=\":443\"; ma=2592000,h3-Q046=\":443\"; ma=2592000,h3-Q043=\":443\"; ma=2592000,quic=\":443\"; ma=2592000; v=\"46,43\"","accept-ranges":"none","transfer-encoding":"chunked"}
[debug] [2021-09-25T10:16:55.276Z] >>> [apiv2][query] GET https://firebase.googleapis.com/v1beta1/projects/clone-d2fbf/adminSdkConfig [none]
[debug] [2021-09-25T10:16:55.964Z] <<< [apiv2][status] GET https://firebase.googleapis.com/v1beta1/projects/clone-d2fbf/adminSdkConfig 200
[debug] [2021-09-25T10:16:55.964Z] <<< [apiv2][body] GET https://firebase.googleapis.com/v1beta1/projects/clone-d2fbf/adminSdkConfig {"projectId":"clone-d2fbf","storageBucket":"clone-d2fbf.appspot.com","locationId":"us-central"}
[debug] [2021-09-25T10:16:58.116Z] >>> [apiv2][query] GET https://firebasehosting.googleapis.com/v1beta1/projects/clone-d2fbf/sites 
[debug] [2021-09-25T10:16:59.962Z] <<< [apiv2][status] GET https://firebasehosting.googleapis.com/v1beta1/projects/clone-d2fbf/sites 200
[debug] [2021-09-25T10:16:59.962Z] <<< [apiv2][body] GET https://firebasehosting.googleapis.com/v1beta1/projects/clone-d2fbf/sites {"sites":[{"name":"projects/801038024451/sites/clone-d2fbf","defaultUrl":"https://clone-d2fbf.web.app","appId":"1:801038024451:web:08e0a537169a210f2af336","type":"DEFAULT_SITE"}]}
[debug] [2021-09-25T10:16:59.963Z] >>> [apiv2][query] GET https://firebase.googleapis.com/v1beta1/projects/clone-d2fbf/webApps/1:801038024451:web:08e0a537169a210f2af336/config [none]
[debug] [2021-09-25T10:17:01.541Z] <<< [apiv2][status] GET https://firebase.googleapis.com/v1beta1/projects/clone-d2fbf/webApps/1:801038024451:web:08e0a537169a210f2af336/config 200
[debug] [2021-09-25T10:17:01.542Z] <<< [apiv2][body] GET https://firebase.googleapis.com/v1beta1/projects/clone-d2fbf/webApps/1:801038024451:web:08e0a537169a210f2af336/config {"projectId":"clone-d2fbf","appId":"1:801038024451:web:08e0a537169a210f2af336","storageBucket":"clone-d2fbf.appspot.com","locationId":"us-central","apiKey":"AIzaSyA7M0jWcem-swqPS-MaHIKPpy8HwR4v5pw","authDomain":"clone-d2fbf.firebaseapp.com","messagingSenderId":"801038024451","measurementId":"G-QWE4DX5LJ7"}
[info] i  hosting: Serving hosting files from: build {"metadata":{"emulator":{"name":"hosting"},"message":"Serving hosting files from: \u001b[1mbuild\u001b[22m"}}
[info] +  hosting: Local server: http://localhost:5000 {"metadata":{"emulator":{"name":"hosting"},"message":"Local server: \u001b[4m\u001b[1mhttp://localhost:5000\u001b[22m\u001b[24m"}}
[debug] [2021-09-25T10:17:06.343Z] Ignoring unsupported arg: auto_download {"metadata":{"emulator":{"name":"ui"},"message":"Ignoring unsupported arg: auto_download"}}
[debug] [2021-09-25T10:17:06.344Z] Ignoring unsupported arg: port {"metadata":{"emulator":{"name":"ui"},"message":"Ignoring unsupported arg: port"}}
[debug] [2021-09-25T10:17:06.345Z] Starting Emulator UI with command {"binary":"node","args":["C:\\Users\\Ayush\\.cache\\firebase\\emulators\\ui-v1.6.3\\server.bundle.js"],"optionalArgs":[],"joinArgs":false} {"metadata":{"emulator":{"name":"ui"},"message":"Starting Emulator UI with command {\"binary\":\"node\",\"args\":[\"C:\\\\Users\\\\Ayush\\\\.cache\\\\firebase\\\\emulators\\\\ui-v1.6.3\\\\server.bundle.js\"],\"optionalArgs\":[],\"joinArgs\":false}"}}
[info] i  ui: Emulator UI logging to ui-debug.log {"metadata":{"emulator":{"name":"ui"},"message":"Emulator UI logging to \u001b[1mui-debug.log\u001b[22m"}}
[debug] [2021-09-25T10:17:07.137Z] Web / API server started at localhost:4000
 {"metadata":{"emulator":{"name":"ui"},"message":"Web / API server started at localhost:4000\n"}}
[info] i  functions: Watching "C:\Users\Ayush\Desktop\amazon-clone\functions" for Cloud Functions... {"metadata":{"emulator":{"name":"functions"},"message":"Watching \"C:\\Users\\Ayush\\Desktop\\amazon-clone\\functions\" for Cloud Functions..."}}
[debug] [2021-09-25T10:17:07.911Z] [worker-pool] addWorker(~diagnostic~) {"metadata":{"emulator":{"name":"functions"},"message":"[worker-pool] addWorker(~diagnostic~)"}}
[debug] [2021-09-25T10:17:07.911Z] [worker-pool] Adding worker with key ~diagnostic~, total=1 {"metadata":{"emulator":{"name":"functions"},"message":"[worker-pool] Adding worker with key ~diagnostic~, total=1"}}
[debug] [2021-09-25T10:17:07.911Z] [worker-pool] submitWork(triggerId=) {"metadata":{"emulator":{"name":"functions"},"message":"[worker-pool] submitWork(triggerId=)"}}
[debug] [2021-09-25T10:17:07.912Z] [worker-~diagnostic~-cb114f70-5ff7-4768-a0ff-986a169d8170]: Assigning socketPath: \\?\pipe\C:\Users\Ayush\Desktop\amazon-clone\functions\10952 {"metadata":{"emulator":{"name":"functions"},"message":"[worker-~diagnostic~-cb114f70-5ff7-4768-a0ff-986a169d8170]: Assigning socketPath: \\\\?\\pipe\\C:\\Users\\Ayush\\Desktop\\amazon-clone\\functions\\10952"}}
[debug] [2021-09-25T10:17:07.912Z] [worker-~diagnostic~-cb114f70-5ff7-4768-a0ff-986a169d8170]: BUSY {"metadata":{"emulator":{"name":"functions"},"message":"[worker-~diagnostic~-cb114f70-5ff7-4768-a0ff-986a169d8170]: BUSY"}}
[debug] [2021-09-25T10:17:09.305Z] [runtime-status] [10952] Functions runtime initialized. {"cwd":"C:\\Users\\Ayush\\Desktop\\amazon-clone\\functions","node_version":"12.16.1"} {"metadata":{"emulator":{"name":"functions"},"message":"[runtime-status] [10952] Functions runtime initialized. {\"cwd\":\"C:\\\\Users\\\\Ayush\\\\Desktop\\\\amazon-clone\\\\functions\",\"node_version\":\"12.16.1\"}"}}
[debug] [2021-09-25T10:17:09.311Z] [runtime-status] [10952] Disabled runtime features: undefined {"metadata":{"emulator":{"name":"functions"},"message":"[runtime-status] [10952] Disabled runtime features: undefined"}}
[debug] [2021-09-25T10:17:09.517Z] [runtime-status] [10952] Resolved module firebase-admin {"declared":true,"installed":true,"version":"9.11.1","resolution":"C:\\Users\\Ayush\\Desktop\\amazon-clone\\functions\\node_modules\\firebase-admin\\lib\\index.js"} {"metadata":{"emulator":{"name":"functions"},"message":"[runtime-status] [10952] Resolved module firebase-admin {\"declared\":true,\"installed\":true,\"version\":\"9.11.1\",\"resolution\":\"C:\\\\Users\\\\Ayush\\\\Desktop\\\\amazon-clone\\\\functions\\\\node_modules\\\\firebase-admin\\\\lib\\\\index.js\"}"}}
[debug] [2021-09-25T10:17:09.623Z] [runtime-status] [10952] Resolved module firebase-functions {"declared":true,"installed":true,"version":"3.15.7","resolution":"C:\\Users\\Ayush\\Desktop\\amazon-clone\\functions\\node_modules\\firebase-functions\\lib\\index.js"} {"metadata":{"emulator":{"name":"functions"},"message":"[runtime-status] [10952] Resolved module firebase-functions {\"declared\":true,\"installed\":true,\"version\":\"3.15.7\",\"resolution\":\"C:\\\\Users\\\\Ayush\\\\Desktop\\\\amazon-clone\\\\functions\\\\node_modules\\\\firebase-functions\\\\lib\\\\index.js\"}"}}
[debug] [2021-09-25T10:17:09.625Z] [runtime-status] [10952] Resolved module firebase-functions {"declared":true,"installed":true,"version":"3.15.7","resolution":"C:\\Users\\Ayush\\Desktop\\amazon-clone\\functions\\node_modules\\firebase-functions\\lib\\index.js"} {"metadata":{"emulator":{"name":"functions"},"message":"[runtime-status] [10952] Resolved module firebase-functions {\"declared\":true,\"installed\":true,\"version\":\"3.15.7\",\"resolution\":\"C:\\\\Users\\\\Ayush\\\\Desktop\\\\amazon-clone\\\\functions\\\\node_modules\\\\firebase-functions\\\\lib\\\\index.js\"}"}}
[debug] [2021-09-25T10:17:09.627Z] [runtime-status] [10952] Outgoing network have been stubbed. [{"name":"http","status":"mocked"},{"name":"http","status":"mocked"},{"name":"https","status":"mocked"},{"name":"https","status":"mocked"},{"name":"net","status":"mocked"}] {"metadata":{"emulator":{"name":"functions"},"message":"[runtime-status] [10952] Outgoing network have been stubbed. [{\"name\":\"http\",\"status\":\"mocked\"},{\"name\":\"http\",\"status\":\"mocked\"},{\"name\":\"https\",\"status\":\"mocked\"},{\"name\":\"https\",\"status\":\"mocked\"},{\"name\":\"net\",\"status\":\"mocked\"}]"}}
[debug] [2021-09-25T10:17:09.628Z] [runtime-status] [10952] Resolved module firebase-functions {"declared":true,"installed":true,"version":"3.15.7","resolution":"C:\\Users\\Ayush\\Desktop\\amazon-clone\\functions\\node_modules\\firebase-functions\\lib\\index.js"} {"metadata":{"emulator":{"name":"functions"},"message":"[runtime-status] [10952] Resolved module firebase-functions {\"declared\":true,\"installed\":true,\"version\":\"3.15.7\",\"resolution\":\"C:\\\\Users\\\\Ayush\\\\Desktop\\\\amazon-clone\\\\functions\\\\node_modules\\\\firebase-functions\\\\lib\\\\index.js\"}"}}
[debug] [2021-09-25T10:17:13.491Z] [runtime-status] [10952] Checked functions.config() {"config":{}} {"metadata":{"emulator":{"name":"functions"},"message":"[runtime-status] [10952] Checked functions.config() {\"config\":{}}"}}
[debug] [2021-09-25T10:17:13.492Z] [runtime-status] [10952] firebase-functions has been stubbed. {"functionsResolution":{"declared":true,"installed":true,"version":"3.15.7","resolution":"C:\\Users\\Ayush\\Desktop\\amazon-clone\\functions\\node_modules\\firebase-functions\\lib\\index.js"}} {"metadata":{"emulator":{"name":"functions"},"message":"[runtime-status] [10952] firebase-functions has been stubbed. {\"functionsResolution\":{\"declared\":true,\"installed\":true,\"version\":\"3.15.7\",\"resolution\":\"C:\\\\Users\\\\Ayush\\\\Desktop\\\\amazon-clone\\\\functions\\\\node_modules\\\\firebase-functions\\\\lib\\\\index.js\"}}"}}
[debug] [2021-09-25T10:17:13.494Z] [runtime-status] [10952] Resolved module firebase-functions {"declared":true,"installed":true,"version":"3.15.7","resolution":"C:\\Users\\Ayush\\Desktop\\amazon-clone\\functions\\node_modules\\firebase-functions\\lib\\index.js"} {"metadata":{"emulator":{"name":"functions"},"message":"[runtime-status] [10952] Resolved module firebase-functions {\"declared\":true,\"installed\":true,\"version\":\"3.15.7\",\"resolution\":\"C:\\\\Users\\\\Ayush\\\\Desktop\\\\amazon-clone\\\\functions\\\\node_modules\\\\firebase-functions\\\\lib\\\\index.js\"}"}}
[debug] [2021-09-25T10:17:13.500Z] [runtime-status] [10952] Resolved module firebase-admin {"declared":true,"installed":true,"version":"9.11.1","resolution":"C:\\Users\\Ayush\\Desktop\\amazon-clone\\functions\\node_modules\\firebase-admin\\lib\\index.js"} {"metadata":{"emulator":{"name":"functions"},"message":"[runtime-status] [10952] Resolved module firebase-admin {\"declared\":true,\"installed\":true,\"version\":\"9.11.1\",\"resolution\":\"C:\\\\Users\\\\Ayush\\\\Desktop\\\\amazon-clone\\\\functions\\\\node_modules\\\\firebase-admin\\\\lib\\\\index.js\"}"}}
[debug] [2021-09-25T10:17:13.502Z] [runtime-status] [10952] Resolved module firebase-functions {"declared":true,"installed":true,"version":"3.15.7","resolution":"C:\\Users\\Ayush\\Desktop\\amazon-clone\\functions\\node_modules\\firebase-functions\\lib\\index.js"} {"metadata":{"emulator":{"name":"functions"},"message":"[runtime-status] [10952] Resolved module firebase-functions {\"declared\":true,\"installed\":true,\"version\":\"3.15.7\",\"resolution\":\"C:\\\\Users\\\\Ayush\\\\Desktop\\\\amazon-clone\\\\functions\\\\node_modules\\\\firebase-functions\\\\lib\\\\index.js\"}"}}
[debug] [2021-09-25T10:17:13.503Z] [runtime-status] [10952] firebase-admin has been stubbed. {"adminResolution":{"declared":true,"installed":true,"version":"9.11.1","resolution":"C:\\Users\\Ayush\\Desktop\\amazon-clone\\functions\\node_modules\\firebase-admin\\lib\\index.js"}} {"metadata":{"emulator":{"name":"functions"},"message":"[runtime-status] [10952] firebase-admin has been stubbed. {\"adminResolution\":{\"declared\":true,\"installed\":true,\"version\":\"9.11.1\",\"resolution\":\"C:\\\\Users\\\\Ayush\\\\Desktop\\\\amazon-clone\\\\functions\\\\node_modules\\\\firebase-admin\\\\lib\\\\index.js\"}}"}}
[info] +  functions[us-central1-api]: http function initialized (http://localhost:5001/clone-d2fbf/us-central1/api). {"metadata":{"emulator":{"name":"functions"},"message":"\u001b[1mhttp\u001b[22m function initialized (http://localhost:5001/clone-d2fbf/us-central1/api)."}}
[info] 
┌─────────────────────────────────────────────────────────────┐
│ ✔  All emulators ready! It is now safe to connect your app. │
│ i  View Emulator UI at http://localhost:4000                │
└─────────────────────────────────────────────────────────────┘

┌───────────┬────────────────┬─────────────────────────────────┐
│ Emulator  │ Host:Port      │ View in Emulator UI             │
├───────────┼────────────────┼─────────────────────────────────┤
│ Functions │ localhost:5001 │ http://localhost:4000/functions │
├───────────┼────────────────┼─────────────────────────────────┤
│ Hosting   │ localhost:5000 │ n/a                             │
└───────────┴────────────────┴─────────────────────────────────┘
  Emulator Hub running at localhost:4400
  Other reserved ports: 4500

Issues? Report them at https://github.com/firebase/firebase-tools/issues and attach the *-debug.log files.
 
[debug] [2021-09-25T10:17:29.027Z] [worker-~diagnostic~-cb114f70-5ff7-4768-a0ff-986a169d8170]: IDLE {"metadata":{"emulator":{"name":"functions"},"message":"[worker-~diagnostic~-cb114f70-5ff7-4768-a0ff-986a169d8170]: IDLE"}}
[debug] [2021-09-25T10:20:33.409Z] [work-queue] {"queueLength":1,"workRunningCount":0}
[debug] [2021-09-25T10:20:33.411Z] [work-queue] {"queueLength":0,"workRunningCount":1}
[debug] [2021-09-25T10:20:33.412Z] Accepted request GET /clone-d2fbf/us-central1/api --> us-central1-api
[debug] [2021-09-25T10:20:33.496Z] [worker-pool] addWorker(us-central1-api) {"metadata":{"emulator":{"name":"functions"},"message":"[worker-pool] addWorker(us-central1-api)"}}
[debug] [2021-09-25T10:20:33.497Z] [worker-pool] Adding worker with key us-central1-api, total=1 {"metadata":{"emulator":{"name":"functions"},"message":"[worker-pool] Adding worker with key us-central1-api, total=1"}}
[debug] [2021-09-25T10:20:33.497Z] [worker-pool] submitWork(triggerId=us-central1-api) {"metadata":{"emulator":{"name":"functions"},"message":"[worker-pool] submitWork(triggerId=us-central1-api)"}}
[debug] [2021-09-25T10:20:33.498Z] [worker-us-central1-api-79016658-b1e4-402c-8d27-b7ca66dc6ccc]: Assigning socketPath: \\?\pipe\C:\Users\Ayush\Desktop\amazon-clone\functions\1424 {"metadata":{"emulator":{"name":"functions"},"message":"[worker-us-central1-api-79016658-b1e4-402c-8d27-b7ca66dc6ccc]: Assigning socketPath: \\\\?\\pipe\\C:\\Users\\Ayush\\Desktop\\amazon-clone\\functions\\1424"}}
[debug] [2021-09-25T10:20:33.498Z] [worker-us-central1-api-79016658-b1e4-402c-8d27-b7ca66dc6ccc]: BUSY {"metadata":{"emulator":{"name":"functions"},"message":"[worker-us-central1-api-79016658-b1e4-402c-8d27-b7ca66dc6ccc]: BUSY"}}
[debug] [2021-09-25T10:20:46.026Z] [runtime-status] [1424] Functions runtime initialized. {"cwd":"C:\\Users\\Ayush\\Desktop\\amazon-clone\\functions","node_version":"12.16.1"} {"metadata":{"emulator":{"name":"functions"},"function":{"name":"us-central1-api"},"message":"[runtime-status] [1424] Functions runtime initialized. {\"cwd\":\"C:\\\\Users\\\\Ayush\\\\Desktop\\\\amazon-clone\\\\functions\",\"node_version\":\"12.16.1\"}"}}
[debug] [2021-09-25T10:20:46.029Z] [runtime-status] [1424] Disabled runtime features: undefined {"metadata":{"emulator":{"name":"functions"},"function":{"name":"us-central1-api"},"message":"[runtime-status] [1424] Disabled runtime features: undefined"}}
[debug] [2021-09-25T10:20:46.065Z] [runtime-status] [1424] Resolved module firebase-admin {"declared":true,"installed":true,"version":"9.11.1","resolution":"C:\\Users\\Ayush\\Desktop\\amazon-clone\\functions\\node_modules\\firebase-admin\\lib\\index.js"} {"metadata":{"emulator":{"name":"functions"},"function":{"name":"us-central1-api"},"message":"[runtime-status] [1424] Resolved module firebase-admin {\"declared\":true,\"installed\":true,\"version\":\"9.11.1\",\"resolution\":\"C:\\\\Users\\\\Ayush\\\\Desktop\\\\amazon-clone\\\\functions\\\\node_modules\\\\firebase-admin\\\\lib\\\\index.js\"}"}}
[debug] [2021-09-25T10:20:46.112Z] [runtime-status] [1424] Resolved module firebase-functions {"declared":true,"installed":true,"version":"3.15.7","resolution":"C:\\Users\\Ayush\\Desktop\\amazon-clone\\functions\\node_modules\\firebase-functions\\lib\\index.js"} {"metadata":{"emulator":{"name":"functions"},"function":{"name":"us-central1-api"},"message":"[runtime-status] [1424] Resolved module firebase-functions {\"declared\":true,\"installed\":true,\"version\":\"3.15.7\",\"resolution\":\"C:\\\\Users\\\\Ayush\\\\Desktop\\\\amazon-clone\\\\functions\\\\node_modules\\\\firebase-functions\\\\lib\\\\index.js\"}"}}
[debug] [2021-09-25T10:20:46.115Z] [runtime-status] [1424] Resolved module firebase-functions {"declared":true,"installed":true,"version":"3.15.7","resolution":"C:\\Users\\Ayush\\Desktop\\amazon-clone\\functions\\node_modules\\firebase-functions\\lib\\index.js"} {"metadata":{"emulator":{"name":"functions"},"function":{"name":"us-central1-api"},"message":"[runtime-status] [1424] Resolved module firebase-functions {\"declared\":true,\"installed\":true,\"version\":\"3.15.7\",\"resolution\":\"C:\\\\Users\\\\Ayush\\\\Desktop\\\\amazon-clone\\\\functions\\\\node_modules\\\\firebase-functions\\\\lib\\\\index.js\"}"}}
[debug] [2021-09-25T10:20:46.117Z] [runtime-status] [1424] Outgoing network have been stubbed. [{"name":"http","status":"mocked"},{"name":"http","status":"mocked"},{"name":"https","status":"mocked"},{"name":"https","status":"mocked"},{"name":"net","status":"mocked"}] {"metadata":{"emulator":{"name":"functions"},"function":{"name":"us-central1-api"},"message":"[runtime-status] [1424] Outgoing network have been stubbed. [{\"name\":\"http\",\"status\":\"mocked\"},{\"name\":\"http\",\"status\":\"mocked\"},{\"name\":\"https\",\"status\":\"mocked\"},{\"name\":\"https\",\"status\":\"mocked\"},{\"name\":\"net\",\"status\":\"mocked\"}]"}}
[debug] [2021-09-25T10:20:46.118Z] [runtime-status] [1424] Resolved module firebase-functions {"declared":true,"installed":true,"version":"3.15.7","resolution":"C:\\Users\\Ayush\\Desktop\\amazon-clone\\functions\\node_modules\\firebase-functions\\lib\\index.js"} {"metadata":{"emulator":{"name":"functions"},"function":{"name":"us-central1-api"},"message":"[runtime-status] [1424] Resolved module firebase-functions {\"declared\":true,\"installed\":true,\"version\":\"3.15.7\",\"resolution\":\"C:\\\\Users\\\\Ayush\\\\Desktop\\\\amazon-clone\\\\functions\\\\node_modules\\\\firebase-functions\\\\lib\\\\index.js\"}"}}
[debug] [2021-09-25T10:20:46.942Z] [runtime-status] [1424] Checked functions.config() {"config":{}} {"metadata":{"emulator":{"name":"functions"},"function":{"name":"us-central1-api"},"message":"[runtime-status] [1424] Checked functions.config() {\"config\":{}}"}}
[debug] [2021-09-25T10:20:46.944Z] [runtime-status] [1424] firebase-functions has been stubbed. {"functionsResolution":{"declared":true,"installed":true,"version":"3.15.7","resolution":"C:\\Users\\Ayush\\Desktop\\amazon-clone\\functions\\node_modules\\firebase-functions\\lib\\index.js"}} {"metadata":{"emulator":{"name":"functions"},"function":{"name":"us-central1-api"},"message":"[runtime-status] [1424] firebase-functions has been stubbed. {\"functionsResolution\":{\"declared\":true,\"installed\":true,\"version\":\"3.15.7\",\"resolution\":\"C:\\\\Users\\\\Ayush\\\\Desktop\\\\amazon-clone\\\\functions\\\\node_modules\\\\firebase-functions\\\\lib\\\\index.js\"}}"}}
[debug] [2021-09-25T10:20:46.944Z] [runtime-status] [1424] Resolved module firebase-functions {"declared":true,"installed":true,"version":"3.15.7","resolution":"C:\\Users\\Ayush\\Desktop\\amazon-clone\\functions\\node_modules\\firebase-functions\\lib\\index.js"} {"metadata":{"emulator":{"name":"functions"},"function":{"name":"us-central1-api"},"message":"[runtime-status] [1424] Resolved module firebase-functions {\"declared\":true,\"installed\":true,\"version\":\"3.15.7\",\"resolution\":\"C:\\\\Users\\\\Ayush\\\\Desktop\\\\amazon-clone\\\\functions\\\\node_modules\\\\firebase-functions\\\\lib\\\\index.js\"}"}}
[debug] [2021-09-25T10:20:46.946Z] [runtime-status] [1424] Resolved module firebase-admin {"declared":true,"installed":true,"version":"9.11.1","resolution":"C:\\Users\\Ayush\\Desktop\\amazon-clone\\functions\\node_modules\\firebase-admin\\lib\\index.js"} {"metadata":{"emulator":{"name":"functions"},"function":{"name":"us-central1-api"},"message":"[runtime-status] [1424] Resolved module firebase-admin {\"declared\":true,\"installed\":true,\"version\":\"9.11.1\",\"resolution\":\"C:\\\\Users\\\\Ayush\\\\Desktop\\\\amazon-clone\\\\functions\\\\node_modules\\\\firebase-admin\\\\lib\\\\index.js\"}"}}
[debug] [2021-09-25T10:20:46.948Z] [runtime-status] [1424] Resolved module firebase-functions {"declared":true,"installed":true,"version":"3.15.7","resolution":"C:\\Users\\Ayush\\Desktop\\amazon-clone\\functions\\node_modules\\firebase-functions\\lib\\index.js"} {"metadata":{"emulator":{"name":"functions"},"function":{"name":"us-central1-api"},"message":"[runtime-status] [1424] Resolved module firebase-functions {\"declared\":true,\"installed\":true,\"version\":\"3.15.7\",\"resolution\":\"C:\\\\Users\\\\Ayush\\\\Desktop\\\\amazon-clone\\\\functions\\\\node_modules\\\\firebase-functions\\\\lib\\\\index.js\"}"}}
[debug] [2021-09-25T10:20:46.949Z] [runtime-status] [1424] firebase-admin has been stubbed. {"adminResolution":{"declared":true,"installed":true,"version":"9.11.1","resolution":"C:\\Users\\Ayush\\Desktop\\amazon-clone\\functions\\node_modules\\firebase-admin\\lib\\index.js"}} {"metadata":{"emulator":{"name":"functions"},"function":{"name":"us-central1-api"},"message":"[runtime-status] [1424] firebase-admin has been stubbed. {\"adminResolution\":{\"declared\":true,\"installed\":true,\"version\":\"9.11.1\",\"resolution\":\"C:\\\\Users\\\\Ayush\\\\Desktop\\\\amazon-clone\\\\functions\\\\node_modules\\\\firebase-admin\\\\lib\\\\index.js\"}}"}}
[debug] [2021-09-25T10:20:51.572Z] [runtime-status] [1424] Trigger "us-central1-api" has been found, beginning invocation! {"metadata":{"emulator":{"name":"functions"},"function":{"name":"us-central1-api"},"message":"[runtime-status] [1424] Trigger \"us-central1-api\" has been found, beginning invocation!"}}
[info] i  functions: Beginning execution of "us-central1-api" {"metadata":{"emulator":{"name":"functions"},"function":{"name":"us-central1-api"},"message":"Beginning execution of \"us-central1-api\""}}
[debug] [2021-09-25T10:20:51.575Z] [runtime-status] [1424] triggerDefinition {"httpsTrigger":{},"name":"api","entryPoint":"api","regions":["us-central1"],"region":"us-central1","id":"us-central1-api"} {"metadata":{"emulator":{"name":"functions"},"function":{"name":"us-central1-api"},"message":"[runtime-status] [1424] triggerDefinition {\"httpsTrigger\":{},\"name\":\"api\",\"entryPoint\":\"api\",\"regions\":[\"us-central1\"],\"region\":\"us-central1\",\"id\":\"us-central1-api\"}"}}
[debug] [2021-09-25T10:20:51.577Z] [runtime-status] [1424] Running us-central1-api in mode HTTPS {"metadata":{"emulator":{"name":"functions"},"function":{"name":"us-central1-api"},"message":"[runtime-status] [1424] Running us-central1-api in mode HTTPS"}}
[debug] [2021-09-25T10:20:51.588Z] [runtime-status] [1424] Attempting to listen to socketPath: \\?\pipe\C:\Users\Ayush\Desktop\amazon-clone\functions\1424 {"metadata":{"emulator":{"name":"functions"},"function":{"name":"us-central1-api"},"message":"[runtime-status] [1424] Attempting to listen to socketPath: \\\\?\\pipe\\C:\\Users\\Ayush\\Desktop\\amazon-clone\\functions\\1424"}}
[debug] [2021-09-25T10:20:51.596Z] [functions] Runtime ready! Sending request! {"metadata":{"emulator":{"name":"functions"},"message":"[functions] Runtime ready! Sending request!"}}
[debug] [2021-09-25T10:20:51.598Z] [functions] Got req.url=/clone-d2fbf/us-central1/api, mapping to path=/ {"metadata":{"emulator":{"name":"functions"},"message":"[functions] Got req.url=/clone-d2fbf/us-central1/api, mapping to path=/"}}
[debug] [2021-09-25T10:20:51.609Z] [runtime-status] [1424] Ephemeral server handling GET request {"metadata":{"emulator":{"name":"functions"},"function":{"name":"us-central1-api"},"message":"[runtime-status] [1424] Ephemeral server handling GET request"}}
[debug] [2021-09-25T10:20:51.618Z] [runtime-status] [1424] Ephemeral server survived. {"metadata":{"emulator":{"name":"functions"},"function":{"name":"us-central1-api"},"message":"[runtime-status] [1424] Ephemeral server survived."}}
[info] i  functions: Finished "us-central1-api" in ~1s {"metadata":{"emulator":{"name":"functions"},"function":{"name":"us-central1-api"},"message":"Finished \"us-central1-api\" in ~1s"}}
[debug] [2021-09-25T10:20:51.625Z] [worker-us-central1-api-79016658-b1e4-402c-8d27-b7ca66dc6ccc]: IDLE {"metadata":{"emulator":{"name":"functions"},"message":"[worker-us-central1-api-79016658-b1e4-402c-8d27-b7ca66dc6ccc]: IDLE"}}
[debug] [2021-09-25T10:20:51.625Z] [work-queue] {"queueLength":0,"workRunningCount":0}
[debug] [2021-09-25T10:20:52.197Z] Functions emulator received unknown request at path /favicon.ico
[debug] [2021-09-25T10:21:16.898Z] [work-queue] {"queueLength":1,"workRunningCount":0}
[debug] [2021-09-25T10:21:16.899Z] [work-queue] {"queueLength":0,"workRunningCount":1}
[debug] [2021-09-25T10:21:16.899Z] Accepted request POST /clone-d2fbf/us-central1/api/payments/create?total=140750 --> us-central1-api
[debug] [2021-09-25T10:21:16.900Z] [worker-pool] submitWork(triggerId=us-central1-api) {"metadata":{"emulator":{"name":"functions"},"message":"[worker-pool] submitWork(triggerId=us-central1-api)"}}
[debug] [2021-09-25T10:21:16.900Z] [worker-us-central1-api-79016658-b1e4-402c-8d27-b7ca66dc6ccc]: Assigning socketPath: \\?\pipe\C:\Users\Ayush\Desktop\amazon-clone\functions\1424 {"metadata":{"emulator":{"name":"functions"},"message":"[worker-us-central1-api-79016658-b1e4-402c-8d27-b7ca66dc6ccc]: Assigning socketPath: \\\\?\\pipe\\C:\\Users\\Ayush\\Desktop\\amazon-clone\\functions\\1424"}}
[debug] [2021-09-25T10:21:16.901Z] [worker-us-central1-api-79016658-b1e4-402c-8d27-b7ca66dc6ccc]: BUSY {"metadata":{"emulator":{"name":"functions"},"message":"[worker-us-central1-api-79016658-b1e4-402c-8d27-b7ca66dc6ccc]: BUSY"}}
[debug] [2021-09-25T10:21:16.902Z] [runtime-status] [1424] Trigger "us-central1-api" has been found, beginning invocation! {"metadata":{"emulator":{"name":"functions"},"function":{"name":"us-central1-api"},"message":"[runtime-status] [1424] Trigger \"us-central1-api\" has been found, beginning invocation!"}}
[info] i  functions: Beginning execution of "us-central1-api" {"metadata":{"emulator":{"name":"functions"},"function":{"name":"us-central1-api"},"message":"Beginning execution of \"us-central1-api\""}}
[debug] [2021-09-25T10:21:16.908Z] [runtime-status] [1424] triggerDefinition {"httpsTrigger":{},"name":"api","entryPoint":"api","regions":["us-central1"],"region":"us-central1","id":"us-central1-api"} {"metadata":{"emulator":{"name":"functions"},"function":{"name":"us-central1-api"},"message":"[runtime-status] [1424] triggerDefinition {\"httpsTrigger\":{},\"name\":\"api\",\"entryPoint\":\"api\",\"regions\":[\"us-central1\"],\"region\":\"us-central1\",\"id\":\"us-central1-api\"}"}}
[debug] [2021-09-25T10:21:16.910Z] [runtime-status] [1424] Running us-central1-api in mode HTTPS {"metadata":{"emulator":{"name":"functions"},"function":{"name":"us-central1-api"},"message":"[runtime-status] [1424] Running us-central1-api in mode HTTPS"}}
[debug] [2021-09-25T10:21:16.911Z] [runtime-status] [1424] Attempting to listen to socketPath: \\?\pipe\C:\Users\Ayush\Desktop\amazon-clone\functions\1424 {"metadata":{"emulator":{"name":"functions"},"function":{"name":"us-central1-api"},"message":"[runtime-status] [1424] Attempting to listen to socketPath: \\\\?\\pipe\\C:\\Users\\Ayush\\Desktop\\amazon-clone\\functions\\1424"}}
[debug] [2021-09-25T10:21:16.918Z] [functions] Runtime ready! Sending request! {"metadata":{"emulator":{"name":"functions"},"message":"[functions] Runtime ready! Sending request!"}}
[debug] [2021-09-25T10:21:16.919Z] [functions] Got req.url=/clone-d2fbf/us-central1/api/payments/create?total=140750, mapping to path=/payments/create?total=140750 {"metadata":{"emulator":{"name":"functions"},"message":"[functions] Got req.url=/clone-d2fbf/us-central1/api/payments/create?total=140750, mapping to path=/payments/create?total=140750"}}
[debug] [2021-09-25T10:21:16.925Z] [runtime-status] [1424] Ephemeral server handling POST request {"metadata":{"emulator":{"name":"functions"},"function":{"name":"us-central1-api"},"message":"[runtime-status] [1424] Ephemeral server handling POST request"}}
[debug] [2021-09-25T10:21:16.956Z] [runtime-status] [1424] Ephemeral server survived. {"metadata":{"emulator":{"name":"functions"},"function":{"name":"us-central1-api"},"message":"[runtime-status] [1424] Ephemeral server survived."}}
[info] i  functions: Finished "us-central1-api" in ~2s {"metadata":{"emulator":{"name":"functions"},"function":{"name":"us-central1-api"},"message":"Finished \"us-central1-api\" in ~2s"}}
[debug] [2021-09-25T10:21:19.036Z] [worker-us-central1-api-79016658-b1e4-402c-8d27-b7ca66dc6ccc]: IDLE {"metadata":{"emulator":{"name":"functions"},"message":"[worker-us-central1-api-79016658-b1e4-402c-8d27-b7ca66dc6ccc]: IDLE"}}
[debug] [2021-09-25T10:21:19.037Z] [work-queue] {"queueLength":0,"workRunningCount":0}
[debug] [2021-09-25T10:21:54.613Z] [work-queue] {"queueLength":1,"workRunningCount":0}
[debug] [2021-09-25T10:21:54.613Z] [work-queue] {"queueLength":0,"workRunningCount":1}
[debug] [2021-09-25T10:21:54.614Z] Accepted request POST /clone-d2fbf/us-central1/api/payments/create?total=0 --> us-central1-api
[debug] [2021-09-25T10:21:54.614Z] [worker-pool] submitWork(triggerId=us-central1-api) {"metadata":{"emulator":{"name":"functions"},"message":"[worker-pool] submitWork(triggerId=us-central1-api)"}}
[debug] [2021-09-25T10:21:54.615Z] [worker-us-central1-api-79016658-b1e4-402c-8d27-b7ca66dc6ccc]: Assigning socketPath: \\?\pipe\C:\Users\Ayush\Desktop\amazon-clone\functions\1424 {"metadata":{"emulator":{"name":"functions"},"message":"[worker-us-central1-api-79016658-b1e4-402c-8d27-b7ca66dc6ccc]: Assigning socketPath: \\\\?\\pipe\\C:\\Users\\Ayush\\Desktop\\amazon-clone\\functions\\1424"}}
[debug] [2021-09-25T10:21:54.615Z] [worker-us-central1-api-79016658-b1e4-402c-8d27-b7ca66dc6ccc]: BUSY {"metadata":{"emulator":{"name":"functions"},"message":"[worker-us-central1-api-79016658-b1e4-402c-8d27-b7ca66dc6ccc]: BUSY"}}
[debug] [2021-09-25T10:21:54.617Z] [runtime-status] [1424] Trigger "us-central1-api" has been found, beginning invocation! {"metadata":{"emulator":{"name":"functions"},"function":{"name":"us-central1-api"},"message":"[runtime-status] [1424] Trigger \"us-central1-api\" has been found, beginning invocation!"}}
[info] i  functions: Beginning execution of "us-central1-api" {"metadata":{"emulator":{"name":"functions"},"function":{"name":"us-central1-api"},"message":"Beginning execution of \"us-central1-api\""}}
[debug] [2021-09-25T10:21:54.622Z] [runtime-status] [1424] triggerDefinition {"httpsTrigger":{},"name":"api","entryPoint":"api","regions":["us-central1"],"region":"us-central1","id":"us-central1-api"} {"metadata":{"emulator":{"name":"functions"},"function":{"name":"us-central1-api"},"message":"[runtime-status] [1424] triggerDefinition {\"httpsTrigger\":{},\"name\":\"api\",\"entryPoint\":\"api\",\"regions\":[\"us-central1\"],\"region\":\"us-central1\",\"id\":\"us-central1-api\"}"}}
[debug] [2021-09-25T10:21:54.624Z] [runtime-status] [1424] Running us-central1-api in mode HTTPS {"metadata":{"emulator":{"name":"functions"},"function":{"name":"us-central1-api"},"message":"[runtime-status] [1424] Running us-central1-api in mode HTTPS"}}
[debug] [2021-09-25T10:21:54.625Z] [runtime-status] [1424] Attempting to listen to socketPath: \\?\pipe\C:\Users\Ayush\Desktop\amazon-clone\functions\1424 {"metadata":{"emulator":{"name":"functions"},"function":{"name":"us-central1-api"},"message":"[runtime-status] [1424] Attempting to listen to socketPath: \\\\?\\pipe\\C:\\Users\\Ayush\\Desktop\\amazon-clone\\functions\\1424"}}
[debug] [2021-09-25T10:21:54.628Z] [functions] Runtime ready! Sending request! {"metadata":{"emulator":{"name":"functions"},"message":"[functions] Runtime ready! Sending request!"}}
[debug] [2021-09-25T10:21:54.629Z] [functions] Got req.url=/clone-d2fbf/us-central1/api/payments/create?total=0, mapping to path=/payments/create?total=0 {"metadata":{"emulator":{"name":"functions"},"message":"[functions] Got req.url=/clone-d2fbf/us-central1/api/payments/create?total=0, mapping to path=/payments/create?total=0"}}
[debug] [2021-09-25T10:21:54.636Z] [runtime-status] [1424] Ephemeral server handling POST request {"metadata":{"emulator":{"name":"functions"},"function":{"name":"us-central1-api"},"message":"[runtime-status] [1424] Ephemeral server handling POST request"}}
[debug] [2021-09-25T10:21:54.641Z] [runtime-status] [1424] Ephemeral server survived. {"metadata":{"emulator":{"name":"functions"},"function":{"name":"us-central1-api"},"message":"[runtime-status] [1424] Ephemeral server survived."}}
[info] >  (node:1424) UnhandledPromiseRejectionWarning: Error: This value must be greater than or equal to 1. {"user":"(node:1424) UnhandledPromiseRejectionWarning: Error: This value must be greater than or equal to 1.","metadata":{"emulator":{"name":"functions"},"function":{"name":"us-central1-api"},"message":"\u001b[90m> \u001b[39m (node:1424) UnhandledPromiseRejectionWarning: Error: This value must be greater than or equal to 1."}}
[info] >      at Function.generate (C:\Users\Ayush\Desktop\amazon-clone\functions\node_modules\stripe\lib\Error.js:40:16) {"user":"    at Function.generate (C:\\Users\\Ayush\\Desktop\\amazon-clone\\functions\\node_modules\\stripe\\lib\\Error.js:40:16)","metadata":{"emulator":{"name":"functions"},"function":{"name":"us-central1-api"},"message":"\u001b[90m> \u001b[39m     at Function.generate (C:\\Users\\Ayush\\Desktop\\amazon-clone\\functions\\node_modules\\stripe\\lib\\Error.js:40:16)"}}
[info] >      at res.toJSON.then.StripeAPIError.message (C:\Users\Ayush\Desktop\amazon-clone\functions\node_modules\stripe\lib\StripeResource.js:220:35) {"user":"    at res.toJSON.then.StripeAPIError.message (C:\\Users\\Ayush\\Desktop\\amazon-clone\\functions\\node_modules\\stripe\\lib\\StripeResource.js:220:35)","metadata":{"emulator":{"name":"functions"},"function":{"name":"us-central1-api"},"message":"\u001b[90m> \u001b[39m     at res.toJSON.then.StripeAPIError.message (C:\\Users\\Ayush\\Desktop\\amazon-clone\\functions\\node_modules\\stripe\\lib\\StripeResource.js:220:35)"}}
[info] >      at processTicksAndRejections (internal/process/task_queues.js:97:5) {"user":"    at processTicksAndRejections (internal/process/task_queues.js:97:5)","metadata":{"emulator":{"name":"functions"},"function":{"name":"us-central1-api"},"message":"\u001b[90m> \u001b[39m     at processTicksAndRejections (internal/process/task_queues.js:97:5)"}}
[info] >  (node:1424) UnhandledPromiseRejectionWarning: Unhandled promise rejection. This error originated either by throwing inside of an async function without a catch block, or by rejecting a promise which was not handled with .catch(). To terminate the node process on unhandled promise rejection, use the CLI flag `--unhandled-rejections=strict` (see https://nodejs.org/api/cli.html#cli_unhandled_rejections_mode). (rejection id: 1) {"user":"(node:1424) UnhandledPromiseRejectionWarning: Unhandled promise rejection. This error originated either by throwing inside of an async function without a catch block, or by rejecting a promise which was not handled with .catch(). To terminate the node process on unhandled promise rejection, use the CLI flag `--unhandled-rejections=strict` (see https://nodejs.org/api/cli.html#cli_unhandled_rejections_mode). (rejection id: 1)","metadata":{"emulator":{"name":"functions"},"function":{"name":"us-central1-api"},"message":"\u001b[90m> \u001b[39m (node:1424) UnhandledPromiseRejectionWarning: Unhandled promise rejection. This error originated either by throwing inside of an async function without a catch block, or by rejecting a promise which was not handled with .catch(). To terminate the node process on unhandled promise rejection, use the CLI flag `--unhandled-rejections=strict` (see https://nodejs.org/api/cli.html#cli_unhandled_rejections_mode). (rejection id: 1)"}}
[info] >  (node:1424) [DEP0018] DeprecationWarning: Unhandled promise rejections are deprecated. In the future, promise rejections that are not handled will terminate the Node.js process with a non-zero exit code. {"user":"(node:1424) [DEP0018] DeprecationWarning: Unhandled promise rejections are deprecated. In the future, promise rejections that are not handled will terminate the Node.js process with a non-zero exit code.","metadata":{"emulator":{"name":"functions"},"function":{"name":"us-central1-api"},"message":"\u001b[90m> \u001b[39m (node:1424) [DEP0018] DeprecationWarning: Unhandled promise rejections are deprecated. In the future, promise rejections that are not handled will terminate the Node.js process with a non-zero exit code."}}
[warn] !  functions: Your function timed out after ~60s. To configure this timeout, see
      https://firebase.google.com/docs/functions/manage-functions#set_timeout_and_memory_allocation. {"metadata":{"emulator":{"name":"functions"},"function":{"name":"us-central1-api"},"message":"Your function timed out after ~60s. To configure this timeout, see\n      https://firebase.google.com/docs/functions/manage-functions#set_timeout_and_memory_allocation."}}
[info] >  C:\Users\Ayush\AppData\Roaming\npm\node_modules\firebase-tools\lib\emulator\functionsEmulatorRuntime.js:679 {"user":"C:\\Users\\Ayush\\AppData\\Roaming\\npm\\node_modules\\firebase-tools\\lib\\emulator\\functionsEmulatorRuntime.js:679\r","metadata":{"emulator":{"name":"functions"},"function":{"name":"us-central1-api"},"message":"\u001b[90m> \u001b[39m C:\\Users\\Ayush\\AppData\\Roaming\\npm\\node_modules\\firebase-tools\\lib\\emulator\\functionsEmulatorRuntime.js:679\r"}}
[info] >              throw new Error("Function timed out."); {"user":"            throw new Error(\"Function timed out.\");\r","metadata":{"emulator":{"name":"functions"},"function":{"name":"us-central1-api"},"message":"\u001b[90m> \u001b[39m             throw new Error(\"Function timed out.\");\r"}}
[info] >              ^ {"user":"            ^\r","metadata":{"emulator":{"name":"functions"},"function":{"name":"us-central1-api"},"message":"\u001b[90m> \u001b[39m             ^\r"}}
[info] >   {"user":"\r","metadata":{"emulator":{"name":"functions"},"function":{"name":"us-central1-api"},"message":"\u001b[90m> \u001b[39m \r"}}
[info] >  Error: Function timed out. {"user":"Error: Function timed out.\r","metadata":{"emulator":{"name":"functions"},"function":{"name":"us-central1-api"},"message":"\u001b[90m> \u001b[39m Error: Function timed out.\r"}}
[info] >      at Timeout._onTimeout (C:\Users\Ayush\AppData\Roaming\npm\node_modules\firebase-tools\lib\emulator\functionsEmulatorRuntime.js:679:19) {"user":"    at Timeout._onTimeout (C:\\Users\\Ayush\\AppData\\Roaming\\npm\\node_modules\\firebase-tools\\lib\\emulator\\functionsEmulatorRuntime.js:679:19)\r","metadata":{"emulator":{"name":"functions"},"function":{"name":"us-central1-api"},"message":"\u001b[90m> \u001b[39m     at Timeout._onTimeout (C:\\Users\\Ayush\\AppData\\Roaming\\npm\\node_modules\\firebase-tools\\lib\\emulator\\functionsEmulatorRuntime.js:679:19)\r"}}
[info] >      at listOnTimeout (internal/timers.js:549:17) {"user":"    at listOnTimeout (internal/timers.js:549:17)\r","metadata":{"emulator":{"name":"functions"},"function":{"name":"us-central1-api"},"message":"\u001b[90m> \u001b[39m     at listOnTimeout (internal/timers.js:549:17)\r"}}
[info] >      at processTimers (internal/timers.js:492:7) {"user":"    at processTimers (internal/timers.js:492:7)\r","metadata":{"emulator":{"name":"functions"},"function":{"name":"us-central1-api"},"message":"\u001b[90m> \u001b[39m     at processTimers (internal/timers.js:492:7)\r"}}
[debug] [2021-09-25T10:22:55.418Z] [worker-us-central1-api-79016658-b1e4-402c-8d27-b7ca66dc6ccc]: exited {"metadata":{"emulator":{"name":"functions"},"message":"[worker-us-central1-api-79016658-b1e4-402c-8d27-b7ca66dc6ccc]: exited"}}
[debug] [2021-09-25T10:22:55.421Z] [worker-us-central1-api-79016658-b1e4-402c-8d27-b7ca66dc6ccc]: FINISHED {"metadata":{"emulator":{"name":"functions"},"message":"[worker-us-central1-api-79016658-b1e4-402c-8d27-b7ca66dc6ccc]: FINISHED"}}
[debug] [2021-09-25T10:22:55.422Z] [work-queue] {"queueLength":0,"workRunningCount":0}
[debug] [2021-09-25T10:24:30.055Z] [work-queue] {"queueLength":1,"workRunningCount":0}
[debug] [2021-09-25T10:24:30.055Z] [work-queue] {"queueLength":0,"workRunningCount":1}
[debug] [2021-09-25T10:24:30.055Z] Accepted request POST /clone-d2fbf/us-central1/api/payments/create?total=22998999 --> us-central1-api
[debug] [2021-09-25T10:24:30.055Z] [worker-pool] Cleaned up workers for us-central1-api: 1 --> 0 {"metadata":{"emulator":{"name":"functions"},"message":"[worker-pool] Cleaned up workers for us-central1-api: 1 --> 0"}}
[debug] [2021-09-25T10:24:30.076Z] [worker-pool] addWorker(us-central1-api) {"metadata":{"emulator":{"name":"functions"},"message":"[worker-pool] addWorker(us-central1-api)"}}
[debug] [2021-09-25T10:24:30.076Z] [worker-pool] Adding worker with key us-central1-api, total=1 {"metadata":{"emulator":{"name":"functions"},"message":"[worker-pool] Adding worker with key us-central1-api, total=1"}}
[debug] [2021-09-25T10:24:30.076Z] [worker-pool] submitWork(triggerId=us-central1-api) {"metadata":{"emulator":{"name":"functions"},"message":"[worker-pool] submitWork(triggerId=us-central1-api)"}}
[debug] [2021-09-25T10:24:30.076Z] [worker-us-central1-api-fbb24711-fe05-4a17-bb1f-1c669cde7476]: Assigning socketPath: \\?\pipe\C:\Users\Ayush\Desktop\amazon-clone\functions\9504 {"metadata":{"emulator":{"name":"functions"},"message":"[worker-us-central1-api-fbb24711-fe05-4a17-bb1f-1c669cde7476]: Assigning socketPath: \\\\?\\pipe\\C:\\Users\\Ayush\\Desktop\\amazon-clone\\functions\\9504"}}
[debug] [2021-09-25T10:24:30.078Z] [worker-us-central1-api-fbb24711-fe05-4a17-bb1f-1c669cde7476]: BUSY {"metadata":{"emulator":{"name":"functions"},"message":"[worker-us-central1-api-fbb24711-fe05-4a17-bb1f-1c669cde7476]: BUSY"}}
[debug] [2021-09-25T10:24:38.848Z] [runtime-status] [9504] Functions runtime initialized. {"cwd":"C:\\Users\\Ayush\\Desktop\\amazon-clone\\functions","node_version":"12.16.1"} {"metadata":{"emulator":{"name":"functions"},"function":{"name":"us-central1-api"},"message":"[runtime-status] [9504] Functions runtime initialized. {\"cwd\":\"C:\\\\Users\\\\Ayush\\\\Desktop\\\\amazon-clone\\\\functions\",\"node_version\":\"12.16.1\"}"}}
[debug] [2021-09-25T10:24:38.852Z] [runtime-status] [9504] Disabled runtime features: undefined {"metadata":{"emulator":{"name":"functions"},"function":{"name":"us-central1-api"},"message":"[runtime-status] [9504] Disabled runtime features: undefined"}}
[debug] [2021-09-25T10:24:38.914Z] [runtime-status] [9504] Resolved module firebase-admin {"declared":true,"installed":true,"version":"9.11.1","resolution":"C:\\Users\\Ayush\\Desktop\\amazon-clone\\functions\\node_modules\\firebase-admin\\lib\\index.js"} {"metadata":{"emulator":{"name":"functions"},"function":{"name":"us-central1-api"},"message":"[runtime-status] [9504] Resolved module firebase-admin {\"declared\":true,\"installed\":true,\"version\":\"9.11.1\",\"resolution\":\"C:\\\\Users\\\\Ayush\\\\Desktop\\\\amazon-clone\\\\functions\\\\node_modules\\\\firebase-admin\\\\lib\\\\index.js\"}"}}
[debug] [2021-09-25T10:24:38.951Z] [runtime-status] [9504] Resolved module firebase-functions {"declared":true,"installed":true,"version":"3.15.7","resolution":"C:\\Users\\Ayush\\Desktop\\amazon-clone\\functions\\node_modules\\firebase-functions\\lib\\index.js"} {"metadata":{"emulator":{"name":"functions"},"function":{"name":"us-central1-api"},"message":"[runtime-status] [9504] Resolved module firebase-functions {\"declared\":true,\"installed\":true,\"version\":\"3.15.7\",\"resolution\":\"C:\\\\Users\\\\Ayush\\\\Desktop\\\\amazon-clone\\\\functions\\\\node_modules\\\\firebase-functions\\\\lib\\\\index.js\"}"}}
[debug] [2021-09-25T10:24:38.953Z] [runtime-status] [9504] Resolved module firebase-functions {"declared":true,"installed":true,"version":"3.15.7","resolution":"C:\\Users\\Ayush\\Desktop\\amazon-clone\\functions\\node_modules\\firebase-functions\\lib\\index.js"} {"metadata":{"emulator":{"name":"functions"},"function":{"name":"us-central1-api"},"message":"[runtime-status] [9504] Resolved module firebase-functions {\"declared\":true,\"installed\":true,\"version\":\"3.15.7\",\"resolution\":\"C:\\\\Users\\\\Ayush\\\\Desktop\\\\amazon-clone\\\\functions\\\\node_modules\\\\firebase-functions\\\\lib\\\\index.js\"}"}}
[debug] [2021-09-25T10:24:38.955Z] [runtime-status] [9504] Outgoing network have been stubbed. [{"name":"http","status":"mocked"},{"name":"http","status":"mocked"},{"name":"https","status":"mocked"},{"name":"https","status":"mocked"},{"name":"net","status":"mocked"}] {"metadata":{"emulator":{"name":"functions"},"function":{"name":"us-central1-api"},"message":"[runtime-status] [9504] Outgoing network have been stubbed. [{\"name\":\"http\",\"status\":\"mocked\"},{\"name\":\"http\",\"status\":\"mocked\"},{\"name\":\"https\",\"status\":\"mocked\"},{\"name\":\"https\",\"status\":\"mocked\"},{\"name\":\"net\",\"status\":\"mocked\"}]"}}
[debug] [2021-09-25T10:24:38.957Z] [runtime-status] [9504] Resolved module firebase-functions {"declared":true,"installed":true,"version":"3.15.7","resolution":"C:\\Users\\Ayush\\Desktop\\amazon-clone\\functions\\node_modules\\firebase-functions\\lib\\index.js"} {"metadata":{"emulator":{"name":"functions"},"function":{"name":"us-central1-api"},"message":"[runtime-status] [9504] Resolved module firebase-functions {\"declared\":true,\"installed\":true,\"version\":\"3.15.7\",\"resolution\":\"C:\\\\Users\\\\Ayush\\\\Desktop\\\\amazon-clone\\\\functions\\\\node_modules\\\\firebase-functions\\\\lib\\\\index.js\"}"}}
[debug] [2021-09-25T10:24:40.011Z] [runtime-status] [9504] Checked functions.config() {"config":{}} {"metadata":{"emulator":{"name":"functions"},"function":{"name":"us-central1-api"},"message":"[runtime-status] [9504] Checked functions.config() {\"config\":{}}"}}
[debug] [2021-09-25T10:24:40.012Z] [runtime-status] [9504] firebase-functions has been stubbed. {"functionsResolution":{"declared":true,"installed":true,"version":"3.15.7","resolution":"C:\\Users\\Ayush\\Desktop\\amazon-clone\\functions\\node_modules\\firebase-functions\\lib\\index.js"}} {"metadata":{"emulator":{"name":"functions"},"function":{"name":"us-central1-api"},"message":"[runtime-status] [9504] firebase-functions has been stubbed. {\"functionsResolution\":{\"declared\":true,\"installed\":true,\"version\":\"3.15.7\",\"resolution\":\"C:\\\\Users\\\\Ayush\\\\Desktop\\\\amazon-clone\\\\functions\\\\node_modules\\\\firebase-functions\\\\lib\\\\index.js\"}}"}}
[debug] [2021-09-25T10:24:40.013Z] [runtime-status] [9504] Resolved module firebase-functions {"declared":true,"installed":true,"version":"3.15.7","resolution":"C:\\Users\\Ayush\\Desktop\\amazon-clone\\functions\\node_modules\\firebase-functions\\lib\\index.js"} {"metadata":{"emulator":{"name":"functions"},"function":{"name":"us-central1-api"},"message":"[runtime-status] [9504] Resolved module firebase-functions {\"declared\":true,\"installed\":true,\"version\":\"3.15.7\",\"resolution\":\"C:\\\\Users\\\\Ayush\\\\Desktop\\\\amazon-clone\\\\functions\\\\node_modules\\\\firebase-functions\\\\lib\\\\index.js\"}"}}
[debug] [2021-09-25T10:24:40.015Z] [runtime-status] [9504] Resolved module firebase-admin {"declared":true,"installed":true,"version":"9.11.1","resolution":"C:\\Users\\Ayush\\Desktop\\amazon-clone\\functions\\node_modules\\firebase-admin\\lib\\index.js"} {"metadata":{"emulator":{"name":"functions"},"function":{"name":"us-central1-api"},"message":"[runtime-status] [9504] Resolved module firebase-admin {\"declared\":true,\"installed\":true,\"version\":\"9.11.1\",\"resolution\":\"C:\\\\Users\\\\Ayush\\\\Desktop\\\\amazon-clone\\\\functions\\\\node_modules\\\\firebase-admin\\\\lib\\\\index.js\"}"}}
[debug] [2021-09-25T10:24:40.017Z] [runtime-status] [9504] Resolved module firebase-functions {"declared":true,"installed":true,"version":"3.15.7","resolution":"C:\\Users\\Ayush\\Desktop\\amazon-clone\\functions\\node_modules\\firebase-functions\\lib\\index.js"} {"metadata":{"emulator":{"name":"functions"},"function":{"name":"us-central1-api"},"message":"[runtime-status] [9504] Resolved module firebase-functions {\"declared\":true,\"installed\":true,\"version\":\"3.15.7\",\"resolution\":\"C:\\\\Users\\\\Ayush\\\\Desktop\\\\amazon-clone\\\\functions\\\\node_modules\\\\firebase-functions\\\\lib\\\\index.js\"}"}}
[debug] [2021-09-25T10:24:40.017Z] [runtime-status] [9504] firebase-admin has been stubbed. {"adminResolution":{"declared":true,"installed":true,"version":"9.11.1","resolution":"C:\\Users\\Ayush\\Desktop\\amazon-clone\\functions\\node_modules\\firebase-admin\\lib\\index.js"}} {"metadata":{"emulator":{"name":"functions"},"function":{"name":"us-central1-api"},"message":"[runtime-status] [9504] firebase-admin has been stubbed. {\"adminResolution\":{\"declared\":true,\"installed\":true,\"version\":\"9.11.1\",\"resolution\":\"C:\\\\Users\\\\Ayush\\\\Desktop\\\\amazon-clone\\\\functions\\\\node_modules\\\\firebase-admin\\\\lib\\\\index.js\"}}"}}
[debug] [2021-09-25T10:24:42.943Z] [runtime-status] [9504] Trigger "us-central1-api" has been found, beginning invocation! {"metadata":{"emulator":{"name":"functions"},"function":{"name":"us-central1-api"},"message":"[runtime-status] [9504] Trigger \"us-central1-api\" has been found, beginning invocation!"}}
[info] i  functions: Beginning execution of "us-central1-api" {"metadata":{"emulator":{"name":"functions"},"function":{"name":"us-central1-api"},"message":"Beginning execution of \"us-central1-api\""}}
[debug] [2021-09-25T10:24:42.945Z] [runtime-status] [9504] triggerDefinition {"httpsTrigger":{},"name":"api","entryPoint":"api","regions":["us-central1"],"region":"us-central1","id":"us-central1-api"} {"metadata":{"emulator":{"name":"functions"},"function":{"name":"us-central1-api"},"message":"[runtime-status] [9504] triggerDefinition {\"httpsTrigger\":{},\"name\":\"api\",\"entryPoint\":\"api\",\"regions\":[\"us-central1\"],\"region\":\"us-central1\",\"id\":\"us-central1-api\"}"}}
[debug] [2021-09-25T10:24:42.945Z] [runtime-status] [9504] Running us-central1-api in mode HTTPS {"metadata":{"emulator":{"name":"functions"},"function":{"name":"us-central1-api"},"message":"[runtime-status] [9504] Running us-central1-api in mode HTTPS"}}
[debug] [2021-09-25T10:24:42.952Z] [runtime-status] [9504] Attempting to listen to socketPath: \\?\pipe\C:\Users\Ayush\Desktop\amazon-clone\functions\9504 {"metadata":{"emulator":{"name":"functions"},"function":{"name":"us-central1-api"},"message":"[runtime-status] [9504] Attempting to listen to socketPath: \\\\?\\pipe\\C:\\Users\\Ayush\\Desktop\\amazon-clone\\functions\\9504"}}
[debug] [2021-09-25T10:24:42.956Z] [functions] Runtime ready! Sending request! {"metadata":{"emulator":{"name":"functions"},"message":"[functions] Runtime ready! Sending request!"}}
[debug] [2021-09-25T10:24:42.956Z] [functions] Got req.url=/clone-d2fbf/us-central1/api/payments/create?total=22998999, mapping to path=/payments/create?total=22998999 {"metadata":{"emulator":{"name":"functions"},"message":"[functions] Got req.url=/clone-d2fbf/us-central1/api/payments/create?total=22998999, mapping to path=/payments/create?total=22998999"}}
[debug] [2021-09-25T10:24:42.971Z] [runtime-status] [9504] Ephemeral server handling POST request {"metadata":{"emulator":{"name":"functions"},"function":{"name":"us-central1-api"},"message":"[runtime-status] [9504] Ephemeral server handling POST request"}}
[debug] [2021-09-25T10:24:42.991Z] [runtime-status] [9504] Ephemeral server survived. {"metadata":{"emulator":{"name":"functions"},"function":{"name":"us-central1-api"},"message":"[runtime-status] [9504] Ephemeral server survived."}}
[info] i  functions: Finished "us-central1-api" in ~1s {"metadata":{"emulator":{"name":"functions"},"function":{"name":"us-central1-api"},"message":"Finished \"us-central1-api\" in ~1s"}}
[debug] [2021-09-25T10:24:43.850Z] [worker-us-central1-api-fbb24711-fe05-4a17-bb1f-1c669cde7476]: IDLE {"metadata":{"emulator":{"name":"functions"},"message":"[worker-us-central1-api-fbb24711-fe05-4a17-bb1f-1c669cde7476]: IDLE"}}
[debug] [2021-09-25T10:24:43.851Z] [work-queue] {"queueLength":0,"workRunningCount":0}
[debug] [2021-09-25T10:25:04.349Z] [work-queue] {"queueLength":1,"workRunningCount":0}
[debug] [2021-09-25T10:25:04.350Z] [work-queue] {"queueLength":0,"workRunningCount":1}
[debug] [2021-09-25T10:25:04.350Z] Accepted request POST /clone-d2fbf/us-central1/api/payments/create?total=0 --> us-central1-api
[debug] [2021-09-25T10:25:04.351Z] [worker-pool] submitWork(triggerId=us-central1-api) {"metadata":{"emulator":{"name":"functions"},"message":"[worker-pool] submitWork(triggerId=us-central1-api)"}}
[debug] [2021-09-25T10:25:04.352Z] [worker-us-central1-api-fbb24711-fe05-4a17-bb1f-1c669cde7476]: Assigning socketPath: \\?\pipe\C:\Users\Ayush\Desktop\amazon-clone\functions\9504 {"metadata":{"emulator":{"name":"functions"},"message":"[worker-us-central1-api-fbb24711-fe05-4a17-bb1f-1c669cde7476]: Assigning socketPath: \\\\?\\pipe\\C:\\Users\\Ayush\\Desktop\\amazon-clone\\functions\\9504"}}
[debug] [2021-09-25T10:25:04.352Z] [worker-us-central1-api-fbb24711-fe05-4a17-bb1f-1c669cde7476]: BUSY {"metadata":{"emulator":{"name":"functions"},"message":"[worker-us-central1-api-fbb24711-fe05-4a17-bb1f-1c669cde7476]: BUSY"}}
[debug] [2021-09-25T10:25:04.354Z] [runtime-status] [9504] Trigger "us-central1-api" has been found, beginning invocation! {"metadata":{"emulator":{"name":"functions"},"function":{"name":"us-central1-api"},"message":"[runtime-status] [9504] Trigger \"us-central1-api\" has been found, beginning invocation!"}}
[info] i  functions: Beginning execution of "us-central1-api" {"metadata":{"emulator":{"name":"functions"},"function":{"name":"us-central1-api"},"message":"Beginning execution of \"us-central1-api\""}}
[debug] [2021-09-25T10:25:04.359Z] [runtime-status] [9504] triggerDefinition {"httpsTrigger":{},"name":"api","entryPoint":"api","regions":["us-central1"],"region":"us-central1","id":"us-central1-api"} {"metadata":{"emulator":{"name":"functions"},"function":{"name":"us-central1-api"},"message":"[runtime-status] [9504] triggerDefinition {\"httpsTrigger\":{},\"name\":\"api\",\"entryPoint\":\"api\",\"regions\":[\"us-central1\"],\"region\":\"us-central1\",\"id\":\"us-central1-api\"}"}}
[debug] [2021-09-25T10:25:04.361Z] [runtime-status] [9504] Running us-central1-api in mode HTTPS {"metadata":{"emulator":{"name":"functions"},"function":{"name":"us-central1-api"},"message":"[runtime-status] [9504] Running us-central1-api in mode HTTPS"}}
[debug] [2021-09-25T10:25:04.362Z] [runtime-status] [9504] Attempting to listen to socketPath: \\?\pipe\C:\Users\Ayush\Desktop\amazon-clone\functions\9504 {"metadata":{"emulator":{"name":"functions"},"function":{"name":"us-central1-api"},"message":"[runtime-status] [9504] Attempting to listen to socketPath: \\\\?\\pipe\\C:\\Users\\Ayush\\Desktop\\amazon-clone\\functions\\9504"}}
[debug] [2021-09-25T10:25:04.366Z] [functions] Runtime ready! Sending request! {"metadata":{"emulator":{"name":"functions"},"message":"[functions] Runtime ready! Sending request!"}}
[debug] [2021-09-25T10:25:04.366Z] [functions] Got req.url=/clone-d2fbf/us-central1/api/payments/create?total=0, mapping to path=/payments/create?total=0 {"metadata":{"emulator":{"name":"functions"},"message":"[functions] Got req.url=/clone-d2fbf/us-central1/api/payments/create?total=0, mapping to path=/payments/create?total=0"}}
[debug] [2021-09-25T10:25:04.376Z] [runtime-status] [9504] Ephemeral server handling POST request {"metadata":{"emulator":{"name":"functions"},"function":{"name":"us-central1-api"},"message":"[runtime-status] [9504] Ephemeral server handling POST request"}}
[debug] [2021-09-25T10:25:04.381Z] [runtime-status] [9504] Ephemeral server survived. {"metadata":{"emulator":{"name":"functions"},"function":{"name":"us-central1-api"},"message":"[runtime-status] [9504] Ephemeral server survived."}}
[info] >  (node:9504) UnhandledPromiseRejectionWarning: Error: This value must be greater than or equal to 1. {"user":"(node:9504) UnhandledPromiseRejectionWarning: Error: This value must be greater than or equal to 1.","metadata":{"emulator":{"name":"functions"},"function":{"name":"us-central1-api"},"message":"\u001b[90m> \u001b[39m (node:9504) UnhandledPromiseRejectionWarning: Error: This value must be greater than or equal to 1."}}
[info] >      at Function.generate (C:\Users\Ayush\Desktop\amazon-clone\functions\node_modules\stripe\lib\Error.js:40:16) {"user":"    at Function.generate (C:\\Users\\Ayush\\Desktop\\amazon-clone\\functions\\node_modules\\stripe\\lib\\Error.js:40:16)","metadata":{"emulator":{"name":"functions"},"function":{"name":"us-central1-api"},"message":"\u001b[90m> \u001b[39m     at Function.generate (C:\\Users\\Ayush\\Desktop\\amazon-clone\\functions\\node_modules\\stripe\\lib\\Error.js:40:16)"}}
[info] >      at res.toJSON.then.StripeAPIError.message (C:\Users\Ayush\Desktop\amazon-clone\functions\node_modules\stripe\lib\StripeResource.js:220:35) {"user":"    at res.toJSON.then.StripeAPIError.message (C:\\Users\\Ayush\\Desktop\\amazon-clone\\functions\\node_modules\\stripe\\lib\\StripeResource.js:220:35)","metadata":{"emulator":{"name":"functions"},"function":{"name":"us-central1-api"},"message":"\u001b[90m> \u001b[39m     at res.toJSON.then.StripeAPIError.message (C:\\Users\\Ayush\\Desktop\\amazon-clone\\functions\\node_modules\\stripe\\lib\\StripeResource.js:220:35)"}}
[info] >      at processTicksAndRejections (internal/process/task_queues.js:97:5) {"user":"    at processTicksAndRejections (internal/process/task_queues.js:97:5)","metadata":{"emulator":{"name":"functions"},"function":{"name":"us-central1-api"},"message":"\u001b[90m> \u001b[39m     at processTicksAndRejections (internal/process/task_queues.js:97:5)"}}
[info] >  (node:9504) UnhandledPromiseRejectionWarning: Unhandled promise rejection. This error originated either by throwing inside of an async function without a catch block, or by rejecting a promise which was not handled with .catch(). To terminate the node process on unhandled promise rejection, use the CLI flag `--unhandled-rejections=strict` (see https://nodejs.org/api/cli.html#cli_unhandled_rejections_mode). (rejection id: 1) {"user":"(node:9504) UnhandledPromiseRejectionWarning: Unhandled promise rejection. This error originated either by throwing inside of an async function without a catch block, or by rejecting a promise which was not handled with .catch(). To terminate the node process on unhandled promise rejection, use the CLI flag `--unhandled-rejections=strict` (see https://nodejs.org/api/cli.html#cli_unhandled_rejections_mode). (rejection id: 1)","metadata":{"emulator":{"name":"functions"},"function":{"name":"us-central1-api"},"message":"\u001b[90m> \u001b[39m (node:9504) UnhandledPromiseRejectionWarning: Unhandled promise rejection. This error originated either by throwing inside of an async function without a catch block, or by rejecting a promise which was not handled with .catch(). To terminate the node process on unhandled promise rejection, use the CLI flag `--unhandled-rejections=strict` (see https://nodejs.org/api/cli.html#cli_unhandled_rejections_mode). (rejection id: 1)"}}
[info] >  (node:9504) [DEP0018] DeprecationWarning: Unhandled promise rejections are deprecated. In the future, promise rejections that are not handled will terminate the Node.js process with a non-zero exit code. {"user":"(node:9504) [DEP0018] DeprecationWarning: Unhandled promise rejections are deprecated. In the future, promise rejections that are not handled will terminate the Node.js process with a non-zero exit code.","metadata":{"emulator":{"name":"functions"},"function":{"name":"us-central1-api"},"message":"\u001b[90m> \u001b[39m (node:9504) [DEP0018] DeprecationWarning: Unhandled promise rejections are deprecated. In the future, promise rejections that are not handled will terminate the Node.js process with a non-zero exit code."}}
[warn] !  functions: Your function timed out after ~60s. To configure this timeout, see
      https://firebase.google.com/docs/functions/manage-functions#set_timeout_and_memory_allocation. {"metadata":{"emulator":{"name":"functions"},"function":{"name":"us-central1-api"},"message":"Your function timed out after ~60s. To configure this timeout, see\n      https://firebase.google.com/docs/functions/manage-functions#set_timeout_and_memory_allocation."}}
[info] >  C:\Users\Ayush\AppData\Roaming\npm\node_modules\firebase-tools\lib\emulator\functionsEmulatorRuntime.js:679 {"user":"C:\\Users\\Ayush\\AppData\\Roaming\\npm\\node_modules\\firebase-tools\\lib\\emulator\\functionsEmulatorRuntime.js:679\r","metadata":{"emulator":{"name":"functions"},"function":{"name":"us-central1-api"},"message":"\u001b[90m> \u001b[39m C:\\Users\\Ayush\\AppData\\Roaming\\npm\\node_modules\\firebase-tools\\lib\\emulator\\functionsEmulatorRuntime.js:679\r"}}
[info] >              throw new Error("Function timed out."); {"user":"            throw new Error(\"Function timed out.\");\r","metadata":{"emulator":{"name":"functions"},"function":{"name":"us-central1-api"},"message":"\u001b[90m> \u001b[39m             throw new Error(\"Function timed out.\");\r"}}
[info] >              ^ {"user":"            ^\r","metadata":{"emulator":{"name":"functions"},"function":{"name":"us-central1-api"},"message":"\u001b[90m> \u001b[39m             ^\r"}}
[info] >   {"user":"\r","metadata":{"emulator":{"name":"functions"},"function":{"name":"us-central1-api"},"message":"\u001b[90m> \u001b[39m \r"}}
[info] >  Error: Function timed out. {"user":"Error: Function timed out.\r","metadata":{"emulator":{"name":"functions"},"function":{"name":"us-central1-api"},"message":"\u001b[90m> \u001b[39m Error: Function timed out.\r"}}
[info] >      at Timeout._onTimeout (C:\Users\Ayush\AppData\Roaming\npm\node_modules\firebase-tools\lib\emulator\functionsEmulatorRuntime.js:679:19) {"user":"    at Timeout._onTimeout (C:\\Users\\Ayush\\AppData\\Roaming\\npm\\node_modules\\firebase-tools\\lib\\emulator\\functionsEmulatorRuntime.js:679:19)\r","metadata":{"emulator":{"name":"functions"},"function":{"name":"us-central1-api"},"message":"\u001b[90m> \u001b[39m     at Timeout._onTimeout (C:\\Users\\Ayush\\AppData\\Roaming\\npm\\node_modules\\firebase-tools\\lib\\emulator\\functionsEmulatorRuntime.js:679:19)\r"}}
[info] >      at listOnTimeout (internal/timers.js:549:17) {"user":"    at listOnTimeout (internal/timers.js:549:17)\r","metadata":{"emulator":{"name":"functions"},"function":{"name":"us-central1-api"},"message":"\u001b[90m> \u001b[39m     at listOnTimeout (internal/timers.js:549:17)\r"}}
[info] >      at processTimers (internal/timers.js:492:7) {"user":"    at processTimers (internal/timers.js:492:7)\r","metadata":{"emulator":{"name":"functions"},"function":{"name":"us-central1-api"},"message":"\u001b[90m> \u001b[39m     at processTimers (internal/timers.js:492:7)\r"}}
[debug] [2021-09-25T10:26:04.477Z] [worker-us-central1-api-fbb24711-fe05-4a17-bb1f-1c669cde7476]: exited {"metadata":{"emulator":{"name":"functions"},"message":"[worker-us-central1-api-fbb24711-fe05-4a17-bb1f-1c669cde7476]: exited"}}
[debug] [2021-09-25T10:26:04.477Z] [worker-us-central1-api-fbb24711-fe05-4a17-bb1f-1c669cde7476]: FINISHED {"metadata":{"emulator":{"name":"functions"},"message":"[worker-us-central1-api-fbb24711-fe05-4a17-bb1f-1c669cde7476]: FINISHED"}}
[debug] [2021-09-25T10:26:04.477Z] [work-queue] {"queueLength":0,"workRunningCount":0}
